<?xml version="1.0" encoding="UTF-8"?>
<!-- Generated by org.testng.reporters.JUnitReportReporter -->
<testsuite hostname="HDDT0260" name="DSTPS.Automation.HybridDesktop.MemberLookupAutomation.runners.VerifyMemberLookUpClaimClaimHistory_TestRunner" tests="1" failures="0" timestamp="24 Jun 2019 14:25:28 GMT" time="114.429" errors="0">
  <testcase name="feature" time="114.429" classname="DSTPS.Automation.HybridDesktop.MemberLookupAutomation.runners.VerifyMemberLookUpClaimClaimHistory_TestRunner"/>
</testsuite> <!-- DSTPS.Automation.HybridDesktop.MemberLookupAutomation.runners.VerifyMemberLookUpClaimClaimHistory_TestRunner -->
