<?xml version="1.0" encoding="UTF-8"?>
<!-- Generated by org.testng.reporters.JUnitReportReporter -->
<testsuite hostname="HDDT0260" name="DSTPS.Automation.HybridDesktop.PharmacyLookupAutomation.runners.VerifyPharmacyLookUpClaimBenefits_TestRunner" tests="1" failures="0" timestamp="8 Apr 2019 14:04:31 GMT" time="109.281" errors="0">
  <testcase name="feature" time="109.281" classname="DSTPS.Automation.HybridDesktop.PharmacyLookupAutomation.runners.VerifyPharmacyLookUpClaimBenefits_TestRunner"/>
</testsuite> <!-- DSTPS.Automation.HybridDesktop.PharmacyLookupAutomation.runners.VerifyPharmacyLookUpClaimBenefits_TestRunner -->
