<?xml version="1.0" encoding="UTF-8"?>
<!-- Generated by org.testng.reporters.JUnitReportReporter -->
<testsuite hostname="HDDT0260" name="DSTPS.Automation.HybridDesktop.GroupAutomation.runners.GroupFeature_TestRunner" tests="1" failures="0" timestamp="13 Nov 2018 11:19:47 GMT" time="148.115" errors="0">
  <testcase name="feature" time="148.115" classname="DSTPS.Automation.HybridDesktop.GroupAutomation.runners.GroupFeature_TestRunner"/>
</testsuite> <!-- DSTPS.Automation.HybridDesktop.GroupAutomation.runners.GroupFeature_TestRunner -->
