<?xml version="1.0" encoding="UTF-8"?>
<!-- Generated by org.testng.reporters.JUnitReportReporter -->
<testsuite hostname="HDDT0260" name="DSTPS.Automation.HybridDesktop.MemberLookupAutomation.runners.VerifyMemberLookup_APS9554_Lock_In_TestRunner" tests="1" failures="0" timestamp="21 Jun 2019 18:25:52 GMT" time="120.394" errors="0">
  <testcase name="feature" time="120.394" classname="DSTPS.Automation.HybridDesktop.MemberLookupAutomation.runners.VerifyMemberLookup_APS9554_Lock_In_TestRunner"/>
</testsuite> <!-- DSTPS.Automation.HybridDesktop.MemberLookupAutomation.runners.VerifyMemberLookup_APS9554_Lock_In_TestRunner -->
