<?xml version="1.0" encoding="UTF-8"?>
<!-- Generated by org.testng.reporters.JUnitReportReporter -->
<testsuite hostname="HDDT0260" name="DSTPS.Automation.HybridDesktop.ConditionsAutomation.runners.ConditionsFeature_TestRunner" tests="1" failures="0" timestamp="30 Mar 2018 11:09:16 GMT" time="433.040" errors="0">
  <testcase name="feature" time="433.040" classname="DSTPS.Automation.HybridDesktop.ConditionsAutomation.runners.ConditionsFeature_TestRunner"/>
</testsuite> <!-- DSTPS.Automation.HybridDesktop.ConditionsAutomation.runners.ConditionsFeature_TestRunner -->
