<?xml version="1.0" encoding="UTF-8"?>
<!-- Generated by org.testng.reporters.JUnitReportReporter -->
<testsuite hostname="HDDT0260" name="DSTPS.Automation.HybridDesktop.PharmacyLookupAutomation.runners.PharmacyLookupFeature_TestRunner" tests="1" failures="0" timestamp="17 Dec 2018 10:55:33 GMT" time="113.753" errors="0">
  <testcase name="feature" time="113.753" classname="DSTPS.Automation.HybridDesktop.PharmacyLookupAutomation.runners.PharmacyLookupFeature_TestRunner"/>
</testsuite> <!-- DSTPS.Automation.HybridDesktop.PharmacyLookupAutomation.runners.PharmacyLookupFeature_TestRunner -->
