<?xml version="1.0" encoding="UTF-8"?>
<!-- Generated by org.testng.reporters.JUnitReportReporter -->
<testsuite hostname="HDDT0260" name="DSTPS.Automation.HybridDesktop.MemberLookupAutomation.runners.MemberLookupFeature_TestRunner" tests="30" failures="0" timestamp="11 Jan 2019 06:23:20 GMT" time="4905.531" errors="0">
  <testcase name="feature" time="153.196" classname="DSTPS.Automation.HybridDesktop.MemberLookupAutomation.runners.MemberLookupFeature_TestRunner"/>
  <testcase name="feature" time="171.069" classname="DSTPS.Automation.HybridDesktop.MemberLookupAutomation.runners.MemberLookupFeature_TestRunner"/>
  <testcase name="feature" time="174.263" classname="DSTPS.Automation.HybridDesktop.MemberLookupAutomation.runners.MemberLookupFeature_TestRunner"/>
  <testcase name="feature" time="155.066" classname="DSTPS.Automation.HybridDesktop.MemberLookupAutomation.runners.MemberLookupFeature_TestRunner"/>
  <testcase name="feature" time="172.833" classname="DSTPS.Automation.HybridDesktop.MemberLookupAutomation.runners.MemberLookupFeature_TestRunner"/>
  <testcase name="feature" time="167.251" classname="DSTPS.Automation.HybridDesktop.MemberLookupAutomation.runners.MemberLookupFeature_TestRunner"/>
  <testcase name="feature" time="148.285" classname="DSTPS.Automation.HybridDesktop.MemberLookupAutomation.runners.MemberLookupFeature_TestRunner"/>
  <testcase name="feature" time="157.000" classname="DSTPS.Automation.HybridDesktop.MemberLookupAutomation.runners.MemberLookupFeature_TestRunner"/>
  <testcase name="feature" time="152.308" classname="DSTPS.Automation.HybridDesktop.MemberLookupAutomation.runners.MemberLookupFeature_TestRunner"/>
  <testcase name="feature" time="157.680" classname="DSTPS.Automation.HybridDesktop.MemberLookupAutomation.runners.MemberLookupFeature_TestRunner"/>
  <testcase name="feature" time="167.172" classname="DSTPS.Automation.HybridDesktop.MemberLookupAutomation.runners.MemberLookupFeature_TestRunner"/>
  <testcase name="feature" time="163.969" classname="DSTPS.Automation.HybridDesktop.MemberLookupAutomation.runners.MemberLookupFeature_TestRunner"/>
  <testcase name="feature" time="148.838" classname="DSTPS.Automation.HybridDesktop.MemberLookupAutomation.runners.MemberLookupFeature_TestRunner"/>
  <testcase name="feature" time="158.537" classname="DSTPS.Automation.HybridDesktop.MemberLookupAutomation.runners.MemberLookupFeature_TestRunner"/>
  <testcase name="feature" time="158.375" classname="DSTPS.Automation.HybridDesktop.MemberLookupAutomation.runners.MemberLookupFeature_TestRunner"/>
  <testcase name="feature" time="158.393" classname="DSTPS.Automation.HybridDesktop.MemberLookupAutomation.runners.MemberLookupFeature_TestRunner"/>
  <testcase name="feature" time="154.585" classname="DSTPS.Automation.HybridDesktop.MemberLookupAutomation.runners.MemberLookupFeature_TestRunner"/>
  <testcase name="feature" time="179.879" classname="DSTPS.Automation.HybridDesktop.MemberLookupAutomation.runners.MemberLookupFeature_TestRunner"/>
  <testcase name="feature" time="174.876" classname="DSTPS.Automation.HybridDesktop.MemberLookupAutomation.runners.MemberLookupFeature_TestRunner"/>
  <testcase name="feature" time="163.088" classname="DSTPS.Automation.HybridDesktop.MemberLookupAutomation.runners.MemberLookupFeature_TestRunner"/>
  <testcase name="feature" time="150.628" classname="DSTPS.Automation.HybridDesktop.MemberLookupAutomation.runners.MemberLookupFeature_TestRunner"/>
  <testcase name="feature" time="183.339" classname="DSTPS.Automation.HybridDesktop.MemberLookupAutomation.runners.MemberLookupFeature_TestRunner"/>
  <testcase name="feature" time="166.744" classname="DSTPS.Automation.HybridDesktop.MemberLookupAutomation.runners.MemberLookupFeature_TestRunner"/>
  <testcase name="feature" time="165.012" classname="DSTPS.Automation.HybridDesktop.MemberLookupAutomation.runners.MemberLookupFeature_TestRunner"/>
  <testcase name="feature" time="166.669" classname="DSTPS.Automation.HybridDesktop.MemberLookupAutomation.runners.MemberLookupFeature_TestRunner"/>
  <testcase name="feature" time="155.260" classname="DSTPS.Automation.HybridDesktop.MemberLookupAutomation.runners.MemberLookupFeature_TestRunner"/>
  <testcase name="feature" time="174.495" classname="DSTPS.Automation.HybridDesktop.MemberLookupAutomation.runners.MemberLookupFeature_TestRunner"/>
  <testcase name="feature" time="183.885" classname="DSTPS.Automation.HybridDesktop.MemberLookupAutomation.runners.MemberLookupFeature_TestRunner"/>
  <testcase name="feature" time="166.415" classname="DSTPS.Automation.HybridDesktop.MemberLookupAutomation.runners.MemberLookupFeature_TestRunner"/>
  <testcase name="feature" time="156.421" classname="DSTPS.Automation.HybridDesktop.MemberLookupAutomation.runners.MemberLookupFeature_TestRunner"/>
</testsuite> <!-- DSTPS.Automation.HybridDesktop.MemberLookupAutomation.runners.MemberLookupFeature_TestRunner -->
