<?xml version="1.0" encoding="UTF-8"?>
<!-- Generated by org.testng.reporters.JUnitReportReporter -->
<testsuite hostname="HDDT0260" name="DSTPS.Automation.HybridDesktop.PharmacyLookupAutomation.runners.VerifyPharmacyLookUpClaimCallNotes_TestRunner" tests="1" failures="0" timestamp="8 Apr 2019 14:04:30 GMT" time="107.265" errors="0">
  <testcase name="feature" time="107.265" classname="DSTPS.Automation.HybridDesktop.PharmacyLookupAutomation.runners.VerifyPharmacyLookUpClaimCallNotes_TestRunner"/>
</testsuite> <!-- DSTPS.Automation.HybridDesktop.PharmacyLookupAutomation.runners.VerifyPharmacyLookUpClaimCallNotes_TestRunner -->
