<?xml version="1.0" encoding="UTF-8"?>
<!-- Generated by org.testng.reporters.JUnitReportReporter -->
<testsuite hostname="HDDT0260" name="DSTPS.Automation.HybridDesktop.PharmacyLookupAutomation.runners.VerifyPharmacyLookUpReimbursementCallNotes_TestRunner" tests="1" failures="0" timestamp="8 Apr 2019 14:04:30 GMT" time="129.644" errors="0">
  <testcase name="feature" time="129.644" classname="DSTPS.Automation.HybridDesktop.PharmacyLookupAutomation.runners.VerifyPharmacyLookUpReimbursementCallNotes_TestRunner"/>
</testsuite> <!-- DSTPS.Automation.HybridDesktop.PharmacyLookupAutomation.runners.VerifyPharmacyLookUpReimbursementCallNotes_TestRunner -->
