<?xml version="1.0" encoding="UTF-8"?>
<!-- Generated by org.testng.reporters.JUnitReportReporter -->
<testsuite hostname="HDDT0260" name="DSTPS.Automation.HybridDesktop.MemberLookupAutomation.runners.VerifyMemberLookUpAPS19302Auth_TestRunner" tests="1" failures="0" timestamp="21 Jun 2019 18:25:53 GMT" time="235.853" errors="0">
  <testcase name="feature" time="235.853" classname="DSTPS.Automation.HybridDesktop.MemberLookupAutomation.runners.VerifyMemberLookUpAPS19302Auth_TestRunner"/>
</testsuite> <!-- DSTPS.Automation.HybridDesktop.MemberLookupAutomation.runners.VerifyMemberLookUpAPS19302Auth_TestRunner -->
